
> rest-express@1.0.0 dev
> NODE_ENV=development tsx server/index.ts

⚠️ Redis not configured, using memory cache
{"level":"WARN","timestamp":"2025-06-22T08:53:38.235Z","logger":"kafkajs","message":"KafkaJS v2.0.0 switched default partitioner. To retain the same partitioning behavior as in previous versions, create the producer with the option \"createPartitioner: Partitioners.LegacyPartitioner\". See the migration guide at https://kafka.js.org/docs/migration-guide-v2.0.0#producer-new-default-partitioner for details. Silence this warning by setting the environment variable \"KAFKAJS_NO_PARTITIONER_WARNING=1\""}
{"level":"WARN","timestamp":"2025-06-22T08:53:38.235Z","logger":"kafkajs","message":"[Producer] Limiting retries for the idempotent producer may invalidate EoS guarantees"}
2:23:38 PM [express] WebSocket service initialized
{"level":"ERROR","timestamp":"2025-06-22T08:53:38.345Z","logger":"kafkajs","message":"[Connection] Connection error: ","broker":"localhost:9092","clientId":"renx-service","stack":"AggregateError [ECONNREFUSED]: \n    at internalConnectMultiple (node:net:1128:18)\n    at afterConnectMultiple (node:net:1693:7)"}
{"level":"ERROR","timestamp":"2025-06-22T08:53:38.347Z","logger":"kafkajs","message":"[BrokerPool] Failed to connect to seed broker, trying another broker from the list: Connection error: ","retryCount":0,"retryTime":88}
{"level":"ERROR","timestamp":"2025-06-22T08:53:38.347Z","logger":"kafkajs","message":"[Connection] Connection error: ","broker":"localhost:9092","clientId":"renx-service","stack":"AggregateError [ECONNREFUSED]: \n    at internalConnectMultiple (node:net:1128:18)\n    at afterConnectMultiple (node:net:1693:7)"}
{"level":"ERROR","timestamp":"2025-06-22T08:53:38.347Z","logger":"kafkajs","message":"[BrokerPool] Failed to connect to seed broker, trying another broker from the list: Connection error: ","retryCount":0,"retryTime":87}
Database connection established successfully
✅ Pricing service initialized successfully
⚠️ Email configuration not found, email notifications will be disabled
❌ Failed to initialize notification service: ReferenceError: __dirname is not defined
    at NotificationService.loadEmailTemplates (/Users/prashant/Documents/Renaissa/Products/RenX-Merged/RenX/server/services/notificationService.ts:205:35)
    at NotificationService.initialize (/Users/prashant/Documents/Renaissa/Products/RenX-Merged/RenX/server/services/notificationService.ts:118:18)
    at process.processTicksAndRejections (node:internal/process/task_queues:105:5)
Refreshed tenant schema cache with 1 tenants
✅ Audit service initialized successfully
{"level":"ERROR","timestamp":"2025-06-22T08:53:38.437Z","logger":"kafkajs","message":"[Connection] Connection error: ","broker":"localhost:9092","clientId":"renx-service","stack":"AggregateError [ECONNREFUSED]: \n    at internalConnectMultiple (node:net:1128:18)\n    at afterConnectMultiple (node:net:1693:7)"}
{"level":"ERROR","timestamp":"2025-06-22T08:53:38.437Z","logger":"kafkajs","message":"[BrokerPool] Failed to connect to seed broker, trying another broker from the list: Connection error: ","retryCount":1,"retryTime":154}
{"level":"ERROR","timestamp":"2025-06-22T08:53:38.437Z","logger":"kafkajs","message":"[Connection] Connection error: ","broker":"localhost:9092","clientId":"renx-service","stack":"AggregateError [ECONNREFUSED]: \n    at internalConnectMultiple (node:net:1128:18)\n    at afterConnectMultiple (node:net:1693:7)"}
{"level":"ERROR","timestamp":"2025-06-22T08:53:38.437Z","logger":"kafkajs","message":"[BrokerPool] Failed to connect to seed broker, trying another broker from the list: Connection error: ","retryCount":1,"retryTime":162}
{"level":"ERROR","timestamp":"2025-06-22T08:53:38.593Z","logger":"kafkajs","message":"[Connection] Connection error: ","broker":"localhost:9092","clientId":"renx-service","stack":"AggregateError [ECONNREFUSED]: \n    at internalConnectMultiple (node:net:1128:18)\n    at afterConnectMultiple (node:net:1693:7)"}
{"level":"ERROR","timestamp":"2025-06-22T08:53:38.593Z","logger":"kafkajs","message":"[BrokerPool] Failed to connect to seed broker, trying another broker from the list: Connection error: ","retryCount":2,"retryTime":294}
{"level":"ERROR","timestamp":"2025-06-22T08:53:38.603Z","logger":"kafkajs","message":"[Connection] Connection error: ","broker":"localhost:9092","clientId":"renx-service","stack":"AggregateError [ECONNREFUSED]: \n    at internalConnectMultiple (node:net:1128:18)\n    at afterConnectMultiple (node:net:1693:7)"}
{"level":"ERROR","timestamp":"2025-06-22T08:53:38.603Z","logger":"kafkajs","message":"[BrokerPool] Failed to connect to seed broker, trying another broker from the list: Connection error: ","retryCount":2,"retryTime":366}
{"level":"ERROR","timestamp":"2025-06-22T08:53:38.888Z","logger":"kafkajs","message":"[Connection] Connection error: ","broker":"localhost:9092","clientId":"renx-service","stack":"AggregateError [ECONNREFUSED]: \n    at internalConnectMultiple (node:net:1128:18)\n    at afterConnectMultiple (node:net:1693:7)"}
{"level":"ERROR","timestamp":"2025-06-22T08:53:38.888Z","logger":"kafkajs","message":"[BrokerPool] Failed to connect to seed broker, trying another broker from the list: Connection error: ","retryCount":3,"retryTime":518}
{"level":"ERROR","timestamp":"2025-06-22T08:53:38.971Z","logger":"kafkajs","message":"[Connection] Connection error: ","broker":"localhost:9092","clientId":"renx-service","stack":"AggregateError [ECONNREFUSED]: \n    at internalConnectMultiple (node:net:1128:18)\n    at afterConnectMultiple (node:net:1693:7)"}
{"level":"ERROR","timestamp":"2025-06-22T08:53:38.971Z","logger":"kafkajs","message":"[BrokerPool] Failed to connect to seed broker, trying another broker from the list: Connection error: ","retryCount":3,"retryTime":598}
